1766647636.804945 client started (7344): version 3.4, socket /tmp/tmux-1000/default, protocol 8
1766647636.804971 on Linux 6.6.87.2-microsoft-standard-WSL2 #1 SMP PREEMPT_DYNAMIC Thu Jun  5 18:30:46 UTC 2025
1766647636.804974 using libevent 2.1.12-stable poll
1766647636.804975 using ncurses 6.4 20240113
1766647636.804983 flags are 0x18010000
1766647636.804991 socket is /tmp/tmux-1000/default
1766647636.805054 trying connect
1766647636.805073 connect failed: Connection refused
1766647636.805079 lock file is /tmp/tmux-1000/default.lock
1766647636.805109 flock succeeded
1766647636.805110 got lock (6)
1766647636.805113 trying connect
1766647636.805116 connect failed: Connection refused
1766647636.805489 add peer 0x5c7961eae290: 7 ((nil))
1766647636.805762 sending message 100 to peer 0x5c7961eae290 (4 bytes)
1766647636.805767 sending message 111 to peer 0x5c7961eae290 (8 bytes)
1766647636.805769 sending message 101 to peer 0x5c7961eae290 (15 bytes)
1766647636.805770 sending message 109 to peer 0x5c7961eae290 (4 bytes)
1766647636.805771 sending message 102 to peer 0x5c7961eae290 (11 bytes)
1766647636.805773 sending message 108 to peer 0x5c7961eae290 (28 bytes)
1766647636.805774 sending message 112 to peer 0x5c7961eae290 (58 bytes)
1766647636.805775 sending message 112 to peer 0x5c7961eae290 (5 bytes)
1766647636.805777 sending message 112 to peer 0x5c7961eae290 (5 bytes)
1766647636.805778 sending message 112 to peer 0x5c7961eae290 (6 bytes)
1766647636.805779 sending message 112 to peer 0x5c7961eae290 (6 bytes)
1766647636.805780 sending message 112 to peer 0x5c7961eae290 (11 bytes)
1766647636.805781 sending message 112 to peer 0x5c7961eae290 (10 bytes)
1766647636.805783 sending message 112 to peer 0x5c7961eae290 (13 bytes)
1766647636.805784 sending message 112 to peer 0x5c7961eae290 (14 bytes)
1766647636.805785 sending message 112 to peer 0x5c7961eae290 (19 bytes)
1766647636.805786 sending message 112 to peer 0x5c7961eae290 (11 bytes)
1766647636.805787 sending message 112 to peer 0x5c7961eae290 (10 bytes)
1766647636.805788 sending message 112 to peer 0x5c7961eae290 (15 bytes)
1766647636.805790 sending message 112 to peer 0x5c7961eae290 (21 bytes)
1766647636.805791 sending message 112 to peer 0x5c7961eae290 (13 bytes)
1766647636.805792 sending message 112 to peer 0x5c7961eae290 (7 bytes)
1766647636.805793 sending message 112 to peer 0x5c7961eae290 (13 bytes)
1766647636.805794 sending message 112 to peer 0x5c7961eae290 (7 bytes)
1766647636.805795 sending message 112 to peer 0x5c7961eae290 (13 bytes)
1766647636.805797 sending message 112 to peer 0x5c7961eae290 (9 bytes)
1766647636.805798 sending message 112 to peer 0x5c7961eae290 (21 bytes)
1766647636.805799 sending message 112 to peer 0x5c7961eae290 (13 bytes)
1766647636.805800 sending message 112 to peer 0x5c7961eae290 (9 bytes)
1766647636.805801 sending message 112 to peer 0x5c7961eae290 (16 bytes)
1766647636.805802 sending message 112 to peer 0x5c7961eae290 (13 bytes)
1766647636.805804 sending message 112 to peer 0x5c7961eae290 (9 bytes)
1766647636.805805 sending message 112 to peer 0x5c7961eae290 (9 bytes)
1766647636.805806 sending message 112 to peer 0x5c7961eae290 (12 bytes)
1766647636.805807 sending message 112 to peer 0x5c7961eae290 (8 bytes)
1766647636.805809 sending message 112 to peer 0x5c7961eae290 (8 bytes)
1766647636.805810 sending message 112 to peer 0x5c7961eae290 (13 bytes)
1766647636.805811 sending message 112 to peer 0x5c7961eae290 (7 bytes)
1766647636.805812 sending message 112 to peer 0x5c7961eae290 (7 bytes)
1766647636.805813 sending message 112 to peer 0x5c7961eae290 (9 bytes)
1766647636.805814 sending message 112 to peer 0x5c7961eae290 (9 bytes)
1766647636.805816 sending message 112 to peer 0x5c7961eae290 (15 bytes)
1766647636.805817 sending message 112 to peer 0x5c7961eae290 (13 bytes)
1766647636.805818 sending message 112 to peer 0x5c7961eae290 (12 bytes)
1766647636.805819 sending message 112 to peer 0x5c7961eae290 (8 bytes)
1766647636.805820 sending message 112 to peer 0x5c7961eae290 (14 bytes)
1766647636.805822 sending message 112 to peer 0x5c7961eae290 (11 bytes)
1766647636.805829 sending message 112 to peer 0x5c7961eae290 (9 bytes)
1766647636.805830 sending message 112 to peer 0x5c7961eae290 (10 bytes)
1766647636.805832 sending message 112 to peer 0x5c7961eae290 (10 bytes)
1766647636.805833 sending message 112 to peer 0x5c7961eae290 (10 bytes)
1766647636.805834 sending message 112 to peer 0x5c7961eae290 (10 bytes)
1766647636.805835 sending message 112 to peer 0x5c7961eae290 (11 bytes)
1766647636.805836 sending message 112 to peer 0x5c7961eae290 (12 bytes)
1766647636.805837 sending message 112 to peer 0x5c7961eae290 (12 bytes)
1766647636.805839 sending message 112 to peer 0x5c7961eae290 (12 bytes)
1766647636.805840 sending message 112 to peer 0x5c7961eae290 (12 bytes)
1766647636.805851 sending message 112 to peer 0x5c7961eae290 (12 bytes)
1766647636.805852 sending message 112 to peer 0x5c7961eae290 (11 bytes)
1766647636.805854 sending message 112 to peer 0x5c7961eae290 (11 bytes)
1766647636.805855 sending message 112 to peer 0x5c7961eae290 (12 bytes)
1766647636.805856 sending message 112 to peer 0x5c7961eae290 (12 bytes)
1766647636.805857 sending message 112 to peer 0x5c7961eae290 (12 bytes)
1766647636.805858 sending message 112 to peer 0x5c7961eae290 (12 bytes)
1766647636.805860 sending message 112 to peer 0x5c7961eae290 (12 bytes)
1766647636.805861 sending message 112 to peer 0x5c7961eae290 (9 bytes)
1766647636.805862 sending message 112 to peer 0x5c7961eae290 (12 bytes)
1766647636.805863 sending message 112 to peer 0x5c7961eae290 (13 bytes)
1766647636.805864 sending message 112 to peer 0x5c7961eae290 (13 bytes)
1766647636.805865 sending message 112 to peer 0x5c7961eae290 (13 bytes)
1766647636.805867 sending message 112 to peer 0x5c7961eae290 (13 bytes)
1766647636.805868 sending message 112 to peer 0x5c7961eae290 (13 bytes)
1766647636.805869 sending message 112 to peer 0x5c7961eae290 (8 bytes)
1766647636.805870 sending message 112 to peer 0x5c7961eae290 (11 bytes)
1766647636.805871 sending message 112 to peer 0x5c7961eae290 (11 bytes)
1766647636.805873 sending message 112 to peer 0x5c7961eae290 (11 bytes)
1766647636.805874 sending message 112 to peer 0x5c7961eae290 (12 bytes)
1766647636.805875 sending message 112 to peer 0x5c7961eae290 (12 bytes)
1766647636.805876 sending message 112 to peer 0x5c7961eae290 (12 bytes)
1766647636.805879 sending message 112 to peer 0x5c7961eae290 (12 bytes)
1766647636.805880 sending message 112 to peer 0x5c7961eae290 (13 bytes)
1766647636.805881 sending message 112 to peer 0x5c7961eae290 (13 bytes)
1766647636.805882 sending message 112 to peer 0x5c7961eae290 (13 bytes)
1766647636.805883 sending message 112 to peer 0x5c7961eae290 (8 bytes)
1766647636.805884 sending message 112 to peer 0x5c7961eae290 (13 bytes)
1766647636.805885 sending message 112 to peer 0x5c7961eae290 (13 bytes)
1766647636.805887 sending message 112 to peer 0x5c7961eae290 (13 bytes)
1766647636.805889 sending message 112 to peer 0x5c7961eae290 (13 bytes)
1766647636.805890 sending message 112 to peer 0x5c7961eae290 (13 bytes)
1766647636.805891 sending message 112 to peer 0x5c7961eae290 (12 bytes)
1766647636.805892 sending message 112 to peer 0x5c7961eae290 (12 bytes)
1766647636.805893 sending message 112 to peer 0x5c7961eae290 (12 bytes)
1766647636.805895 sending message 112 to peer 0x5c7961eae290 (12 bytes)
1766647636.805896 sending message 112 to peer 0x5c7961eae290 (13 bytes)
1766647636.805897 sending message 112 to peer 0x5c7961eae290 (8 bytes)
1766647636.805898 sending message 112 to peer 0x5c7961eae290 (13 bytes)
1766647636.805899 sending message 112 to peer 0x5c7961eae290 (13 bytes)
1766647636.805901 sending message 112 to peer 0x5c7961eae290 (13 bytes)
1766647636.805902 sending message 112 to peer 0x5c7961eae290 (13 bytes)
1766647636.805903 sending message 112 to peer 0x5c7961eae290 (13 bytes)
1766647636.805904 sending message 112 to peer 0x5c7961eae290 (13 bytes)
1766647636.805905 sending message 112 to peer 0x5c7961eae290 (13 bytes)
1766647636.805906 sending message 112 to peer 0x5c7961eae290 (12 bytes)
1766647636.805908 sending message 112 to peer 0x5c7961eae290 (12 bytes)
1766647636.805911 sending message 112 to peer 0x5c7961eae290 (12 bytes)
1766647636.805912 sending message 112 to peer 0x5c7961eae290 (8 bytes)
1766647636.805913 sending message 112 to peer 0x5c7961eae290 (12 bytes)
1766647636.805914 sending message 112 to peer 0x5c7961eae290 (13 bytes)
1766647636.805916 sending message 112 to peer 0x5c7961eae290 (13 bytes)
1766647636.805917 sending message 112 to peer 0x5c7961eae290 (13 bytes)
1766647636.805918 sending message 112 to peer 0x5c7961eae290 (13 bytes)
1766647636.805919 sending message 112 to peer 0x5c7961eae290 (13 bytes)
1766647636.805920 sending message 112 to peer 0x5c7961eae290 (13 bytes)
1766647636.805921 sending message 112 to peer 0x5c7961eae290 (13 bytes)
1766647636.805923 sending message 112 to peer 0x5c7961eae290 (13 bytes)
1766647636.805924 sending message 112 to peer 0x5c7961eae290 (12 bytes)
1766647636.805925 sending message 112 to peer 0x5c7961eae290 (10 bytes)
1766647636.805926 sending message 112 to peer 0x5c7961eae290 (12 bytes)
1766647636.805927 sending message 112 to peer 0x5c7961eae290 (12 bytes)
1766647636.805928 sending message 112 to peer 0x5c7961eae290 (12 bytes)
1766647636.805930 sending message 112 to peer 0x5c7961eae290 (13 bytes)
1766647636.805931 sending message 112 to peer 0x5c7961eae290 (13 bytes)
1766647636.805932 sending message 112 to peer 0x5c7961eae290 (13 bytes)
1766647636.805933 sending message 112 to peer 0x5c7961eae290 (13 bytes)
1766647636.805934 sending message 112 to peer 0x5c7961eae290 (13 bytes)
1766647636.805936 sending message 112 to peer 0x5c7961eae290 (13 bytes)
1766647636.805937 sending message 112 to peer 0x5c7961eae290 (13 bytes)
1766647636.805938 sending message 112 to peer 0x5c7961eae290 (10 bytes)
1766647636.805939 sending message 112 to peer 0x5c7961eae290 (13 bytes)
1766647636.805940 sending message 112 to peer 0x5c7961eae290 (12 bytes)
1766647636.805941 sending message 112 to peer 0x5c7961eae290 (12 bytes)
1766647636.805943 sending message 112 to peer 0x5c7961eae290 (12 bytes)
1766647636.805944 sending message 112 to peer 0x5c7961eae290 (10 bytes)
1766647636.805945 sending message 112 to peer 0x5c7961eae290 (10 bytes)
1766647636.805946 sending message 112 to peer 0x5c7961eae290 (10 bytes)
1766647636.805947 sending message 112 to peer 0x5c7961eae290 (12 bytes)
1766647636.805948 sending message 112 to peer 0x5c7961eae290 (13 bytes)
1766647636.805950 sending message 112 to peer 0x5c7961eae290 (13 bytes)
1766647636.805951 sending message 112 to peer 0x5c7961eae290 (13 bytes)
1766647636.805952 sending message 112 to peer 0x5c7961eae290 (13 bytes)
1766647636.805953 sending message 112 to peer 0x5c7961eae290 (13 bytes)
1766647636.805954 sending message 112 to peer 0x5c7961eae290 (10 bytes)
1766647636.805955 sending message 112 to peer 0x5c7961eae290 (11 bytes)
1766647636.805957 sending message 112 to peer 0x5c7961eae290 (12 bytes)
1766647636.805958 sending message 112 to peer 0x5c7961eae290 (12 bytes)
1766647636.805959 sending message 112 to peer 0x5c7961eae290 (12 bytes)
1766647636.805960 sending message 112 to peer 0x5c7961eae290 (12 bytes)
1766647636.805961 sending message 112 to peer 0x5c7961eae290 (12 bytes)
1766647636.805962 sending message 112 to peer 0x5c7961eae290 (11 bytes)
1766647636.805964 sending message 112 to peer 0x5c7961eae290 (12 bytes)
1766647636.805965 sending message 112 to peer 0x5c7961eae290 (12 bytes)
1766647636.805966 sending message 112 to peer 0x5c7961eae290 (13 bytes)
1766647636.805967 sending message 112 to peer 0x5c7961eae290 (13 bytes)
1766647636.805968 sending message 112 to peer 0x5c7961eae290 (13 bytes)
1766647636.805969 sending message 112 to peer 0x5c7961eae290 (13 bytes)
1766647636.805971 sending message 112 to peer 0x5c7961eae290 (13 bytes)
1766647636.805972 sending message 112 to peer 0x5c7961eae290 (10 bytes)
1766647636.805973 sending message 112 to peer 0x5c7961eae290 (9 bytes)
1766647636.805974 sending message 112 to peer 0x5c7961eae290 (12 bytes)
1766647636.805975 sending message 112 to peer 0x5c7961eae290 (13 bytes)
1766647636.805978 sending message 112 to peer 0x5c7961eae290 (13 bytes)
1766647636.805980 sending message 112 to peer 0x5c7961eae290 (13 bytes)
1766647636.805981 sending message 112 to peer 0x5c7961eae290 (13 bytes)
1766647636.805983 sending message 112 to peer 0x5c7961eae290 (13 bytes)
1766647636.805984 sending message 112 to peer 0x5c7961eae290 (9 bytes)
1766647636.805985 sending message 112 to peer 0x5c7961eae290 (12 bytes)
1766647636.805987 sending message 112 to peer 0x5c7961eae290 (13 bytes)
1766647636.805988 sending message 112 to peer 0x5c7961eae290 (13 bytes)
1766647636.805989 sending message 112 to peer 0x5c7961eae290 (13 bytes)
1766647636.805991 sending message 112 to peer 0x5c7961eae290 (13 bytes)
1766647636.805992 sending message 112 to peer 0x5c7961eae290 (13 bytes)
1766647636.805993 sending message 112 to peer 0x5c7961eae290 (11 bytes)
1766647636.805994 sending message 112 to peer 0x5c7961eae290 (12 bytes)
1766647636.805995 sending message 112 to peer 0x5c7961eae290 (13 bytes)
1766647636.805996 sending message 112 to peer 0x5c7961eae290 (13 bytes)
1766647636.805998 sending message 112 to peer 0x5c7961eae290 (13 bytes)
1766647636.805999 sending message 112 to peer 0x5c7961eae290 (13 bytes)
1766647636.806000 sending message 112 to peer 0x5c7961eae290 (13 bytes)
1766647636.806001 sending message 112 to peer 0x5c7961eae290 (11 bytes)
1766647636.806002 sending message 112 to peer 0x5c7961eae290 (12 bytes)
1766647636.806004 sending message 112 to peer 0x5c7961eae290 (12 bytes)
1766647636.806005 sending message 112 to peer 0x5c7961eae290 (12 bytes)
1766647636.806006 sending message 112 to peer 0x5c7961eae290 (12 bytes)
1766647636.806007 sending message 112 to peer 0x5c7961eae290 (12 bytes)
1766647636.806008 sending message 112 to peer 0x5c7961eae290 (21 bytes)
1766647636.806010 sending message 112 to peer 0x5c7961eae290 (12 bytes)
1766647636.806011 sending message 112 to peer 0x5c7961eae290 (9 bytes)
1766647636.806012 sending message 112 to peer 0x5c7961eae290 (6 bytes)
1766647636.806014 sending message 112 to peer 0x5c7961eae290 (13 bytes)
1766647636.806015 sending message 112 to peer 0x5c7961eae290 (10 bytes)
1766647636.806016 sending message 112 to peer 0x5c7961eae290 (24 bytes)
1766647636.806017 sending message 112 to peer 0x5c7961eae290 (13 bytes)
1766647636.806018 sending message 112 to peer 0x5c7961eae290 (9 bytes)
1766647636.806020 sending message 112 to peer 0x5c7961eae290 (70 bytes)
1766647636.806021 sending message 112 to peer 0x5c7961eae290 (69 bytes)
1766647636.806022 sending message 112 to peer 0x5c7961eae290 (12 bytes)
1766647636.806023 sending message 112 to peer 0x5c7961eae290 (10 bytes)
1766647636.806025 sending message 112 to peer 0x5c7961eae290 (10 bytes)
1766647636.806026 sending message 112 to peer 0x5c7961eae290 (24 bytes)
1766647636.806027 sending message 112 to peer 0x5c7961eae290 (13 bytes)
1766647636.806028 sending message 112 to peer 0x5c7961eae290 (10 bytes)
1766647636.806030 sending message 112 to peer 0x5c7961eae290 (10 bytes)
1766647636.806031 sending message 112 to peer 0x5c7961eae290 (10 bytes)
1766647636.806033 sending message 112 to peer 0x5c7961eae290 (13 bytes)
1766647636.806034 sending message 112 to peer 0x5c7961eae290 (15 bytes)
1766647636.806035 sending message 112 to peer 0x5c7961eae290 (5 bytes)
1766647636.806037 sending message 104 to peer 0x5c7961eae290 (0 bytes)
1766647636.806038 sending message 110 to peer 0x5c7961eae290 (0 bytes)
1766647636.806040 sending message 107 to peer 0x5c7961eae290 (4 bytes)
1766647636.806041 sending message 105 to peer 0x5c7961eae290 (16 bytes)
1766647636.806043 sending message 105 to peer 0x5c7961eae290 (13 bytes)
1766647636.806044 sending message 105 to peer 0x5c7961eae290 (1598 bytes)
1766647636.806051 sending message 105 to peer 0x5c7961eae290 (20 bytes)
1766647636.806052 sending message 105 to peer 0x5c7961eae290 (32 bytes)
1766647636.806053 sending message 105 to peer 0x5c7961eae290 (11 bytes)
1766647636.806055 sending message 105 to peer 0x5c7961eae290 (26 bytes)
1766647636.806056 sending message 105 to peer 0x5c7961eae290 (40 bytes)
1766647636.806057 sending message 105 to peer 0x5c7961eae290 (24 bytes)
1766647636.806060 sending message 105 to peer 0x5c7961eae290 (56 bytes)
1766647636.806061 sending message 105 to peer 0x5c7961eae290 (20 bytes)
1766647636.806062 sending message 105 to peer 0x5c7961eae290 (21 bytes)
1766647636.806064 sending message 105 to peer 0x5c7961eae290 (46 bytes)
1766647636.806065 sending message 105 to peer 0x5c7961eae290 (33 bytes)
1766647636.806066 sending message 105 to peer 0x5c7961eae290 (21 bytes)
1766647636.806067 sending message 105 to peer 0x5c7961eae290 (23 bytes)
1766647636.806068 sending message 105 to peer 0x5c7961eae290 (15 bytes)
1766647636.806070 sending message 105 to peer 0x5c7961eae290 (9 bytes)
1766647636.806071 sending message 105 to peer 0x5c7961eae290 (12 bytes)
1766647636.806072 sending message 105 to peer 0x5c7961eae290 (19 bytes)
1766647636.806074 sending message 105 to peer 0x5c7961eae290 (54 bytes)
1766647636.806076 sending message 105 to peer 0x5c7961eae290 (8 bytes)
1766647636.806077 sending message 105 to peer 0x5c7961eae290 (32 bytes)
1766647636.806078 sending message 105 to peer 0x5c7961eae290 (30 bytes)
1766647636.806079 sending message 105 to peer 0x5c7961eae290 (16 bytes)
1766647636.806080 sending message 105 to peer 0x5c7961eae290 (25 bytes)
1766647636.806081 sending message 105 to peer 0x5c7961eae290 (11 bytes)
1766647636.806082 sending message 105 to peer 0x5c7961eae290 (8 bytes)
1766647636.806083 sending message 105 to peer 0x5c7961eae290 (32 bytes)
1766647636.806084 sending message 105 to peer 0x5c7961eae290 (1817 bytes)
1766647636.806086 sending message 105 to peer 0x5c7961eae290 (10 bytes)
1766647636.806087 sending message 105 to peer 0x5c7961eae290 (24 bytes)
1766647636.806088 sending message 105 to peer 0x5c7961eae290 (12 bytes)
1766647636.806089 sending message 105 to peer 0x5c7961eae290 (12 bytes)
1766647636.806090 sending message 105 to peer 0x5c7961eae290 (20 bytes)
1766647636.806091 sending message 106 to peer 0x5c7961eae290 (0 bytes)
1766647636.806130 cmd_pack_argv: argv[0]=new
1766647636.806132 sending message 200 to peer 0x5c7961eae290 (8 bytes)
1766647636.806134 client loop enter
1766647636.806143 client_signal: Child exited
1766647640.478939 peer 0x5c7961eae290 message 207
1766647640.478948 sending message 208 to peer 0x5c7961eae290 (0 bytes)
1766647693.509111 peer 0x5c7961eae290 message 201
1766647693.509185 sending message 205 to peer 0x5c7961eae290 (0 bytes)
1766647693.509723 peer 0x5c7961eae290 message 204
1766647693.509736 client loop exit
